2026-03-26 18:28:21,465 [INFO] ============================================================
2026-03-26 18:28:21,466 [INFO] 銘傳大學選課資訊爬蟲 啟動
2026-03-26 18:28:21,466 [INFO] 時間: 2026-03-26T18:28:21.466380
2026-03-26 18:28:21,467 [INFO] ============================================================
2026-03-26 18:28:21,467 [INFO] ▶ 爬取: 教務處最新公告 (https://academic.mcu.edu.tw/)
2026-03-26 18:28:22,884 [INFO]   ✓ 頁面文字已儲存 → __65a307f2.txt
2026-03-26 18:28:22,887 [INFO]   ↳ 子頁面: 2026.01.15 114學年度第2學期教育部台灣大專院校人工智慧聯盟(TAI (https://academic.mcu.edu.tw/2026/01/15/2026-01-15-114%e5%ad%b8%e5%b9%b4%e5%ba%a6%e7%ac%ac2%e5%ad%b8%e6%9c%9f%e6%95%99%e8%82%b2%e9%83%a8%e5%8f%b0%e7%81%a3%e5%a4%a7%e5%b0%88%e9%99%a2%e6%a0%a1%e4%ba%ba%e5%b7%a5%e6%99%ba%e6%85%a7%e8%81%af/)
2026-03-26 18:28:23,713 [INFO]     ✓ 子頁面已儲存 → _ba_e5_b7_a5_e6_99_ba_e6_85_a7_e8_81_af__9ca23a2b.txt
2026-03-26 18:28:23,714 [INFO]   ↳ 子頁面: 2026.01.14 114學年度第2學期外校生跨校選課注意事項 (https://academic.mcu.edu.tw/2026/01/14/2026-01-14-ch/)
2026-03-26 18:28:24,718 [INFO]     ✓ 子頁面已儲存 → _2026_01_14_2026-01-14-ch__98bf169a.txt
2026-03-26 18:28:25,722 [INFO] ▶ 爬取: 教務處公告列表 (https://academic.mcu.edu.tw/?cat=2)
2026-03-26 18:28:27,071 [INFO]   ✓ 頁面文字已儲存 → __316998ca.txt
2026-03-26 18:28:27,074 [INFO]   ↳ 子頁面: 2025.06.25 114學年度第1學期優久聯盟跨領域學分學程申請資料一覽表1 (https://academic.mcu.edu.tw/2025/06/25/2025-06-25-114%e5%ad%b8%e5%b9%b4%e5%ba%a6%e7%ac%ac1%e5%ad%b8%e6%9c%9f%e5%84%aa%e4%b9%85%e8%81%af%e7%9b%9f%e8%b7%a8%e9%a0%98%e5%9f%9f%e5%ad%b8%e5%88%86%e5%ad%b8%e7%a8%8b%e7%94%b3%e8%ab%8b%e8%b3%87/)
2026-03-26 18:28:29,434 [INFO]     ✓ 子頁面已儲存 → _b8_e7_a8_8b_e7_94_b3_e8_ab_8b_e8_b3_87__d49e3b7a.txt
2026-03-26 18:28:30,437 [INFO] ▶ 爬取: 新生選課注意事項 (https://freshman.mcu.edu.tw/a01/a01-04/)
2026-03-26 18:28:32,067 [INFO]   ✓ 頁面文字已儲存 → _a01_a01-04__2368c519.txt
2026-03-26 18:28:32,071 [INFO]   ↳ 下載文件: 教務報你知 (https://freshman.mcu.edu.tw/wp-content/uploads/sites/112/2025/05/114教務報你知.pdf)
2026-03-26 18:28:41,275 [INFO]     ✓ 已轉換 → t_uploads_sites_112_2025_05_114教務報你知_pdf_ee5af85d.txt (1028 字元)
2026-03-26 18:28:41,276 [INFO]   ↳ 子頁面: 選課注意事項 (https://freshman.mcu.edu.tw/a01/a01-04/)
2026-03-26 18:28:52,058 [INFO]     ✓ 子頁面已儲存 → _a01_a01-04__2368c519.txt
2026-03-26 18:28:52,058 [INFO]   ↳ 子頁面: 準大一暑期先修學分班 (https://mymcu.mcu.edu.tw/zh-hant/taxonomy/term/16)
2026-03-26 18:28:55,353 [INFO]   ↳ 下載文件: 國際學院旅遊與觀光學程熱情招生中 (https://freshman.mcu.edu.tw/wp-content/uploads/sites/112/2024/06/Electronic-DM-0614_final.pdf)
2026-03-26 18:28:55,790 [INFO]     ✓ 已轉換 → 112_2024_06_Electronic-DM-0614_final_pdf_9a48c2d6.txt (522 字元)
2026-03-26 18:28:56,792 [INFO] ▶ 爬取: 英語教學中心選課 (https://elc.mcu.edu.tw/%E9%81%B8%E8%AA%B2/)
2026-03-26 18:28:58,455 [INFO]   ✓ 頁面文字已儲存 → __E9_81_B8_E8_AA_B2__71f717bc.txt
2026-03-26 18:28:58,458 [INFO]   ↳ 下載文件: 銘傳大學學生選課辦法(內含必修換班之規範條文) (https://elc.mcu.edu.tw/wp-content/uploads/sites/51/2023/04/銘傳大學學生選課辦法內含必修換班之規範條文.pdf)
2026-03-26 18:28:58,700 [INFO]     ✓ 已轉換 → tes_51_2023_04_銘傳大學學生選課辦法內含必修換班之規範條文_pdf_6421b1f4.txt (1206 字元)
2026-03-26 18:28:58,702 [INFO]   ↳ 子頁面: 課程規劃 (https://elc.mcu.edu.tw/課程規劃/)
2026-03-26 18:29:01,088 [INFO]     ✓ 子頁面已儲存 → _課程規劃__3ced470e.txt
2026-03-26 18:29:01,090 [INFO]   ↳ 子頁面: 選課 (https://elc.mcu.edu.tw/選課/)
2026-03-26 18:29:02,317 [INFO]     ✓ 子頁面已儲存 → _選課__09216426.txt
2026-03-26 18:29:03,320 [INFO] ▶ 爬取: 開課與師資資訊 (https://academic.mcu.edu.tw/coursestructure/)
2026-03-26 18:29:04,286 [INFO]   ✓ 頁面文字已儲存 → _coursestructure__780de862.txt
2026-03-26 18:29:04,296 [INFO]   ↳ 下載文件: https://academic.mcu.edu.tw/wp-content/u (https://academic.mcu.edu.tw/wp-content/uploads/sites/93/2023/10/112CourseStructure-11.pdf)
2026-03-26 18:29:06,353 [INFO]     ✓ 已轉換 → tes_93_2023_10_112CourseStructure-11_pdf_bbc740c2.txt (17559 字元)
2026-03-26 18:29:06,360 [INFO]   ↳ 下載文件: https://academic.mcu.edu.tw/wp-content/u (https://academic.mcu.edu.tw/wp-content/uploads/sites/93/2025/11/114CourseStructure-11-2.pdf)
2026-03-26 18:29:08,243 [INFO]     ✓ 已轉換 → s_93_2025_11_114CourseStructure-11-2_pdf_cc08d7de.txt (16095 字元)
2026-03-26 18:29:08,251 [INFO]   ↳ 下載文件: https://academic.mcu.edu.tw/wp-content/u (https://academic.mcu.edu.tw/wp-content/uploads/sites/93/2023/10/112CourseStructure-52.pdf)
2026-03-26 18:29:09,129 [INFO]     ✓ 已轉換 → tes_93_2023_10_112CourseStructure-52_pdf_ffd8ac44.txt (6346 字元)
2026-03-26 18:29:09,130 [INFO]   ↳ 下載文件: https://academic.mcu.edu.tw/wp-content/u (https://academic.mcu.edu.tw/wp-content/uploads/sites/93/2025/11/114CourseStructure-52.pdf)
2026-03-26 18:29:09,972 [INFO]     ✓ 已轉換 → tes_93_2025_11_114CourseStructure-52_pdf_3a79e310.txt (52823 字元)
2026-03-26 18:29:09,973 [INFO]   ↳ 下載文件: https://academic.mcu.edu.tw/wp-content/u (https://academic.mcu.edu.tw/wp-content/uploads/sites/93/2023/10/112CourseStructure-56.pdf)
2026-03-26 18:29:10,980 [INFO]     ✓ 已轉換 → tes_93_2023_10_112CourseStructure-56_pdf_8d9311fa.txt (7997 字元)
2026-03-26 18:29:10,983 [INFO]   ↳ 下載文件: https://academic.mcu.edu.tw/wp-content/u (https://academic.mcu.edu.tw/wp-content/uploads/sites/93/2025/11/114CourseStructure-53.pdf)
2026-03-26 18:29:11,830 [INFO]     ✓ 已轉換 → tes_93_2025_11_114CourseStructure-53_pdf_672692b5.txt (47442 字元)
2026-03-26 18:29:11,878 [INFO]   ↳ 下載文件: https://academic.mcu.edu.tw/wp-content/u (https://academic.mcu.edu.tw/wp-content/uploads/sites/93/2023/10/112CourseStructure-54.pdf)
2026-03-26 18:29:13,248 [INFO]     ✓ 已轉換 → tes_93_2023_10_112CourseStructure-54_pdf_0267dc35.txt (10490 字元)
2026-03-26 18:29:13,248 [INFO]   ↳ 下載文件: https://academic.mcu.edu.tw/wp-content/u (https://academic.mcu.edu.tw/wp-content/uploads/sites/93/2025/11/114CourseStructure-54.pdf)
2026-03-26 18:29:14,527 [INFO]     ✓ 已轉換 → tes_93_2025_11_114CourseStructure-54_pdf_ec0a6613.txt (86178 字元)
2026-03-26 18:29:14,529 [INFO]   ↳ 下載文件: https://academic.mcu.edu.tw/wp-content/u (https://academic.mcu.edu.tw/wp-content/uploads/sites/93/2023/10/112CourseStructure-57.pdf)
2026-03-26 18:29:15,937 [INFO]     ✓ 已轉換 → tes_93_2023_10_112CourseStructure-57_pdf_0c7f20f7.txt (11144 字元)
2026-03-26 18:29:15,938 [INFO]   ↳ 下載文件: https://academic.mcu.edu.tw/wp-content/u (https://academic.mcu.edu.tw/wp-content/uploads/sites/93/2025/11/114CourseStructure-57-2.pdf)
2026-03-26 18:29:17,154 [INFO]     ✓ 已轉換 → s_93_2025_11_114CourseStructure-57-2_pdf_0115925f.txt (10080 字元)
2026-03-26 18:29:17,154 [INFO]   ↳ 下載文件: https://academic.mcu.edu.tw/wp-content/u (https://academic.mcu.edu.tw/wp-content/uploads/sites/93/2023/10/112CourseStructure-70.pdf)
2026-03-26 18:29:17,446 [INFO]     ✓ 已轉換 → tes_93_2023_10_112CourseStructure-70_pdf_9bcab71d.txt (1022 字元)
2026-03-26 18:29:17,448 [INFO]   ↳ 下載文件: https://academic.mcu.edu.tw/wp-content/u (https://academic.mcu.edu.tw/wp-content/uploads/sites/93/2025/11/114CourseStructure-70.pdf)
2026-03-26 18:29:17,631 [INFO]     ✓ 已轉換 → tes_93_2025_11_114CourseStructure-70_pdf_49a6a360.txt (9060 字元)
2026-03-26 18:29:17,633 [INFO]   ↳ 下載文件: https://academic.mcu.edu.tw/wp-content/u (https://academic.mcu.edu.tw/wp-content/uploads/sites/93/2023/10/112CourseStructure-09.pdf)
2026-03-26 18:29:18,682 [INFO]     ✓ 已轉換 → tes_93_2023_10_112CourseStructure-09_pdf_75810c6e.txt (8031 字元)
2026-03-26 18:29:18,683 [INFO]   ↳ 下載文件: https://academic.mcu.edu.tw/wp-content/u (https://academic.mcu.edu.tw/wp-content/uploads/sites/93/2025/11/114CourseStructure-09.pdf)
2026-03-26 18:29:19,786 [INFO]     ✓ 已轉換 → tes_93_2025_11_114CourseStructure-09_pdf_66b9eaf6.txt (63583 字元)
2026-03-26 18:29:19,797 [INFO]   ↳ 下載文件: https://academic.mcu.edu.tw/wp-content/u (https://academic.mcu.edu.tw/wp-content/uploads/sites/93/2023/10/112CourseStructure-21.pdf)
2026-03-26 18:29:20,770 [INFO]     ✓ 已轉換 → tes_93_2023_10_112CourseStructure-21_pdf_c9b9f488.txt (6356 字元)
2026-03-26 18:29:20,773 [INFO]   ↳ 下載文件: https://academic.mcu.edu.tw/wp-content/u (https://academic.mcu.edu.tw/wp-content/uploads/sites/93/2025/11/114CourseStructure-21.pdf)
2026-03-26 18:29:21,617 [INFO]     ✓ 已轉換 → tes_93_2025_11_114CourseStructure-21_pdf_39b8169b.txt (46673 字元)
2026-03-26 18:29:21,622 [INFO]   ↳ 下載文件: https://academic.mcu.edu.tw/wp-content/u (https://academic.mcu.edu.tw/wp-content/uploads/sites/93/2023/10/112CourseStructure-23.pdf)
2026-03-26 18:29:22,463 [INFO]     ✓ 已轉換 → tes_93_2023_10_112CourseStructure-23_pdf_d27ab024.txt (6360 字元)
2026-03-26 18:29:22,466 [INFO]   ↳ 下載文件: https://academic.mcu.edu.tw/wp-content/u (https://academic.mcu.edu.tw/wp-content/uploads/sites/93/2025/11/114CourseStructure-23.pdf)
2026-03-26 18:29:23,239 [INFO]     ✓ 已轉換 → tes_93_2025_11_114CourseStructure-23_pdf_fdf6d63a.txt (46114 字元)
2026-03-26 18:29:23,241 [INFO]   ↳ 下載文件: https://academic.mcu.edu.tw/wp-content/u (https://academic.mcu.edu.tw/wp-content/uploads/sites/93/2023/10/112CourseStructure-24.pdf)
2026-03-26 18:29:24,309 [INFO]     ✓ 已轉換 → tes_93_2023_10_112CourseStructure-24_pdf_704bc03a.txt (8470 字元)
2026-03-26 18:29:24,311 [INFO]   ↳ 下載文件: https://academic.mcu.edu.tw/wp-content/u (https://academic.mcu.edu.tw/wp-content/uploads/sites/93/2025/11/114CourseStructure-24-2.pdf)
2026-03-26 18:29:25,429 [INFO]     ✓ 已轉換 → s_93_2025_11_114CourseStructure-24-2_pdf_bb1ea9ab.txt (7525 字元)
2026-03-26 18:29:25,431 [INFO]   ↳ 下載文件: https://academic.mcu.edu.tw/wp-content/u (https://academic.mcu.edu.tw/wp-content/uploads/sites/93/2023/10/112CourseStructure-04.pdf)
2026-03-26 18:29:27,039 [INFO]     ✓ 已轉換 → tes_93_2023_10_112CourseStructure-04_pdf_2dd37a26.txt (13653 字元)
2026-03-26 18:29:27,046 [INFO]   ↳ 下載文件: https://academic.mcu.edu.tw/wp-content/u (https://academic.mcu.edu.tw/wp-content/uploads/sites/93/2025/11/114CourseStructure-74.pdf)
2026-03-26 18:29:28,904 [INFO]     ✓ 已轉換 → tes_93_2025_11_114CourseStructure-74_pdf_654395a1.txt (133503 字元)
2026-03-26 18:29:28,906 [INFO]   ↳ 下載文件: https://academic.mcu.edu.tw/wp-content/u (https://academic.mcu.edu.tw/wp-content/uploads/sites/93/2023/10/112CourseStructure-41.pdf)
2026-03-26 18:29:30,680 [INFO]     ✓ 已轉換 → tes_93_2023_10_112CourseStructure-41_pdf_eb5db779.txt (13858 字元)
2026-03-26 18:29:30,680 [INFO]   ↳ 下載文件: https://academic.mcu.edu.tw/wp-content/u (https://academic.mcu.edu.tw/wp-content/uploads/sites/93/2025/11/114CourseStructure-41.pdf)
2026-03-26 18:29:32,291 [INFO]     ✓ 已轉換 → tes_93_2025_11_114CourseStructure-41_pdf_cc28d1cb.txt (113814 字元)
2026-03-26 18:29:32,293 [INFO]   ↳ 下載文件: https://academic.mcu.edu.tw/wp-content/u (https://academic.mcu.edu.tw/wp-content/uploads/sites/93/2023/10/112CourseStructure-65.pdf)
2026-03-26 18:29:33,542 [INFO]     ✓ 已轉換 → tes_93_2023_10_112CourseStructure-65_pdf_cde68b0d.txt (9695 字元)
2026-03-26 18:29:33,544 [INFO]   ↳ 下載文件: https://academic.mcu.edu.tw/wp-content/u (https://academic.mcu.edu.tw/wp-content/uploads/sites/93/2025/11/114CourseStructure-65.pdf)
2026-03-26 18:29:34,840 [INFO]     ✓ 已轉換 → tes_93_2025_11_114CourseStructure-65_pdf_2dc45b0f.txt (82606 字元)
2026-03-26 18:29:34,841 [INFO]   ↳ 下載文件: https://academic.mcu.edu.tw/wp-content/u (https://academic.mcu.edu.tw/wp-content/uploads/sites/93/2023/10/112CourseStructure-33.pdf)
2026-03-26 18:29:35,597 [INFO]     ✓ 已轉換 → tes_93_2023_10_112CourseStructure-33_pdf_d3318ca3.txt (5126 字元)
2026-03-26 18:29:35,598 [INFO]   ↳ 下載文件: https://academic.mcu.edu.tw/wp-content/u (https://academic.mcu.edu.tw/wp-content/uploads/sites/93/2025/11/114CourseStructure-15.pdf)
2026-03-26 18:29:36,253 [INFO]     ✓ 已轉換 → tes_93_2025_11_114CourseStructure-15_pdf_78f28767.txt (39891 字元)
2026-03-26 18:29:36,258 [INFO]   ↳ 下載文件: https://academic.mcu.edu.tw/wp-content/u (https://academic.mcu.edu.tw/wp-content/uploads/sites/93/2023/10/112CourseStructure-26.pdf)
2026-03-26 18:29:36,862 [INFO]     ✓ 已轉換 → tes_93_2023_10_112CourseStructure-26_pdf_1944f5e5.txt (4517 字元)
2026-03-26 18:29:36,865 [INFO]   ↳ 下載文件: https://academic.mcu.edu.tw/wp-content/u (https://academic.mcu.edu.tw/wp-content/uploads/sites/93/2025/11/114CourseStructure-26.pdf)
2026-03-26 18:29:37,963 [INFO]     ✓ 已轉換 → tes_93_2025_11_114CourseStructure-26_pdf_bd87b358.txt (71366 字元)
2026-03-26 18:29:37,965 [INFO]   ↳ 下載文件: https://academic.mcu.edu.tw/wp-content/u (https://academic.mcu.edu.tw/wp-content/uploads/sites/93/2023/10/112CourseStructure-31.pdf)
2026-03-26 18:29:39,132 [INFO]     ✓ 已轉換 → tes_93_2023_10_112CourseStructure-31_pdf_1ff79c37.txt (9444 字元)
2026-03-26 18:29:39,132 [INFO]   ↳ 下載文件: https://academic.mcu.edu.tw/wp-content/u (https://academic.mcu.edu.tw/wp-content/uploads/sites/93/2025/11/114CourseStructure-31.pdf)
2026-03-26 18:29:40,405 [INFO]     ✓ 已轉換 → tes_93_2025_11_114CourseStructure-31_pdf_62d0441a.txt (83650 字元)
2026-03-26 18:29:40,406 [INFO]   ↳ 下載文件: https://academic.mcu.edu.tw/wp-content/u (https://academic.mcu.edu.tw/wp-content/uploads/sites/93/2023/10/112CourseStructure-32.pdf)
2026-03-26 18:29:41,278 [INFO]     ✓ 已轉換 → tes_93_2023_10_112CourseStructure-32_pdf_31455b40.txt (5997 字元)
2026-03-26 18:29:41,280 [INFO]   ↳ 下載文件: https://academic.mcu.edu.tw/wp-content/u (https://academic.mcu.edu.tw/wp-content/uploads/sites/93/2025/11/114CourseStructure-32.pdf)
2026-03-26 18:29:42,139 [INFO]     ✓ 已轉換 → tes_93_2025_11_114CourseStructure-32_pdf_5153203e.txt (50660 字元)
2026-03-26 18:29:42,140 [INFO]   ↳ 下載文件: https://academic.mcu.edu.tw/wp-content/u (https://academic.mcu.edu.tw/wp-content/uploads/sites/93/2023/10/112CourseStructure-14.pdf)
2026-03-26 18:29:43,034 [INFO]     ✓ 已轉換 → tes_93_2023_10_112CourseStructure-14_pdf_0f5ffe6b.txt (7809 字元)
2026-03-26 18:29:43,039 [INFO]   ↳ 下載文件: https://academic.mcu.edu.tw/wp-content/u (https://academic.mcu.edu.tw/wp-content/uploads/sites/93/2025/11/114CourseStructure-14.pdf)
2026-03-26 18:29:44,189 [INFO]     ✓ 已轉換 → tes_93_2025_11_114CourseStructure-14_pdf_04045363.txt (85497 字元)
2026-03-26 18:29:44,191 [INFO]   ↳ 下載文件: https://academic.mcu.edu.tw/wp-content/u (https://academic.mcu.edu.tw/wp-content/uploads/sites/93/2023/10/112CourseStructure-18.pdf)
2026-03-26 18:29:44,864 [INFO]     ✓ 已轉換 → tes_93_2023_10_112CourseStructure-18_pdf_ddbde32c.txt (4721 字元)
2026-03-26 18:29:44,866 [INFO]   ↳ 下載文件: https://academic.mcu.edu.tw/wp-content/u (https://academic.mcu.edu.tw/wp-content/uploads/sites/93/2025/11/114CourseStructure-18.pdf)
2026-03-26 18:29:45,897 [INFO]     ✓ 已轉換 → tes_93_2025_11_114CourseStructure-18_pdf_6546f609.txt (71673 字元)
2026-03-26 18:29:45,898 [INFO]   ↳ 下載文件: https://academic.mcu.edu.tw/wp-content/u (https://academic.mcu.edu.tw/wp-content/uploads/sites/93/2023/10/112CourseStructure-19.pdf)
2026-03-26 18:29:47,139 [INFO]     ✓ 已轉換 → tes_93_2023_10_112CourseStructure-19_pdf_a6ff1aa6.txt (9440 字元)
2026-03-26 18:29:47,145 [INFO]   ↳ 下載文件: https://academic.mcu.edu.tw/wp-content/u (https://academic.mcu.edu.tw/wp-content/uploads/sites/93/2025/11/114CourseStructure-19.pdf)
2026-03-26 18:29:48,595 [INFO]     ✓ 已轉換 → tes_93_2025_11_114CourseStructure-19_pdf_deb8267f.txt (105382 字元)
2026-03-26 18:29:48,600 [INFO]   ↳ 下載文件: https://academic.mcu.edu.tw/wp-content/u (https://academic.mcu.edu.tw/wp-content/uploads/sites/93/2023/10/112CourseStructure-27.pdf)
2026-03-26 18:29:49,849 [INFO]     ✓ 已轉換 → tes_93_2023_10_112CourseStructure-27_pdf_7dadaea4.txt (9592 字元)
2026-03-26 18:29:49,850 [INFO]   ↳ 下載文件: https://academic.mcu.edu.tw/wp-content/u (https://academic.mcu.edu.tw/wp-content/uploads/sites/93/2025/11/114CourseStructure-27-2.pdf)
2026-03-26 18:29:50,890 [INFO]     ✓ 已轉換 → s_93_2025_11_114CourseStructure-27-2_pdf_e8a2a2bc.txt (8882 字元)
2026-03-26 18:29:50,891 [INFO]   ↳ 下載文件: https://academic.mcu.edu.tw/wp-content/u (https://academic.mcu.edu.tw/wp-content/uploads/sites/93/2023/10/112CourseStructure-48.pdf)
2026-03-26 18:29:51,811 [INFO]     ✓ 已轉換 → tes_93_2023_10_112CourseStructure-48_pdf_438fb2db.txt (7687 字元)
2026-03-26 18:29:51,813 [INFO]   ↳ 下載文件: https://academic.mcu.edu.tw/wp-content/u (https://academic.mcu.edu.tw/wp-content/uploads/sites/93/2025/11/114CourseStructure-48-2.pdf)
2026-03-26 18:29:52,678 [INFO]     ✓ 已轉換 → s_93_2025_11_114CourseStructure-48-2_pdf_9e2f0d48.txt (6595 字元)
2026-03-26 18:29:52,680 [INFO]   ↳ 下載文件: https://academic.mcu.edu.tw/wp-content/u (https://academic.mcu.edu.tw/wp-content/uploads/sites/93/2023/10/112CourseStructure-59.pdf)
2026-03-26 18:29:53,639 [INFO]     ✓ 已轉換 → tes_93_2023_10_112CourseStructure-59_pdf_74a44c97.txt (7843 字元)
2026-03-26 18:29:53,639 [INFO]   ↳ 下載文件: https://academic.mcu.edu.tw/wp-content/u (https://academic.mcu.edu.tw/wp-content/uploads/sites/93/2025/11/114CourseStructure-59-2.pdf)
2026-03-26 18:29:54,491 [INFO]     ✓ 已轉換 → s_93_2025_11_114CourseStructure-59-2_pdf_2d4202fb.txt (7077 字元)
2026-03-26 18:29:54,492 [INFO]   ↳ 下載文件: https://academic.mcu.edu.tw/wp-content/u (https://academic.mcu.edu.tw/wp-content/uploads/sites/93/2023/10/112CourseStructure-78.pdf)
2026-03-26 18:29:54,849 [INFO]     ✓ 已轉換 → tes_93_2023_10_112CourseStructure-78_pdf_fdeefda8.txt (1943 字元)
2026-03-26 18:29:54,850 [INFO]   ↳ 下載文件: https://academic.mcu.edu.tw/wp-content/u (https://academic.mcu.edu.tw/wp-content/uploads/sites/93/2025/11/114CourseStructure-78.pdf)
2026-03-26 18:29:55,212 [INFO]     ✓ 已轉換 → tes_93_2025_11_114CourseStructure-78_pdf_6dcdcc79.txt (15395 字元)
2026-03-26 18:29:55,212 [INFO]   ↳ 下載文件: https://academic.mcu.edu.tw/wp-content/u (https://academic.mcu.edu.tw/wp-content/uploads/sites/93/2023/10/112CourseStructure-81.pdf)
2026-03-26 18:29:55,751 [INFO]     ✓ 已轉換 → tes_93_2023_10_112CourseStructure-81_pdf_1d4d261f.txt (3200 字元)
2026-03-26 18:29:55,752 [INFO]   ↳ 下載文件: https://academic.mcu.edu.tw/wp-content/u (https://academic.mcu.edu.tw/wp-content/uploads/sites/93/2025/11/114CourseStructure-81.pdf)
2026-03-26 18:29:56,271 [INFO]     ✓ 已轉換 → tes_93_2025_11_114CourseStructure-81_pdf_1b5e73da.txt (27013 字元)
2026-03-26 18:29:56,281 [INFO]   ↳ 下載文件: https://academic.mcu.edu.tw/wp-content/u (https://academic.mcu.edu.tw/wp-content/uploads/sites/93/2023/10/112CourseStructure-82.pdf)
2026-03-26 18:29:56,902 [INFO]     ✓ 已轉換 → tes_93_2023_10_112CourseStructure-82_pdf_97dce650.txt (3992 字元)
2026-03-26 18:29:56,907 [INFO]   ↳ 下載文件: https://academic.mcu.edu.tw/wp-content/u (https://academic.mcu.edu.tw/wp-content/uploads/sites/93/2025/11/114CourseStructure-82.pdf)
2026-03-26 18:29:57,389 [INFO]     ✓ 已轉換 → tes_93_2025_11_114CourseStructure-82_pdf_1261be59.txt (31373 字元)
2026-03-26 18:29:57,389 [INFO]   ↳ 下載文件: https://academic.mcu.edu.tw/wp-content/u (https://academic.mcu.edu.tw/wp-content/uploads/sites/93/2023/10/112CourseStructure-88.pdf)
2026-03-26 18:29:58,445 [INFO]     ✓ 已轉換 → tes_93_2023_10_112CourseStructure-88_pdf_bc79c792.txt (8300 字元)
2026-03-26 18:29:58,445 [INFO]   ↳ 下載文件: https://academic.mcu.edu.tw/wp-content/u (https://academic.mcu.edu.tw/wp-content/uploads/sites/93/2025/11/114CourseStructure-88.pdf)
2026-03-26 18:29:59,449 [INFO]     ✓ 已轉換 → tes_93_2025_11_114CourseStructure-88_pdf_ee52daee.txt (68307 字元)
2026-03-26 18:29:59,450 [INFO]   ↳ 下載文件: https://academic.mcu.edu.tw/wp-content/u (https://academic.mcu.edu.tw/wp-content/uploads/sites/93/2023/10/112CourseStructure-89.pdf)
2026-03-26 18:30:00,434 [INFO]     ✓ 已轉換 → tes_93_2023_10_112CourseStructure-89_pdf_3f89ce23.txt (7851 字元)
2026-03-26 18:30:00,439 [INFO]   ↳ 下載文件: https://academic.mcu.edu.tw/wp-content/u (https://academic.mcu.edu.tw/wp-content/uploads/sites/93/2025/11/114CourseStructure-89-2.pdf)
2026-03-26 18:30:01,341 [INFO]     ✓ 已轉換 → s_93_2025_11_114CourseStructure-89-2_pdf_95bdd71a.txt (7705 字元)
2026-03-26 18:30:01,341 [INFO]   ↳ 下載文件: https://academic.mcu.edu.tw/wp-content/u (https://academic.mcu.edu.tw/wp-content/uploads/sites/93/2023/10/112CourseStructure-90.pdf)
2026-03-26 18:30:01,684 [INFO]     ✓ 已轉換 → tes_93_2023_10_112CourseStructure-90_pdf_a296f7a6.txt (2560 字元)
2026-03-26 18:30:01,685 [INFO]   ↳ 下載文件: https://academic.mcu.edu.tw/wp-content/u (https://academic.mcu.edu.tw/wp-content/uploads/sites/93/2025/11/114CourseStructure-90.pdf)
2026-03-26 18:30:02,057 [INFO]     ✓ 已轉換 → tes_93_2025_11_114CourseStructure-90_pdf_0bd475f6.txt (21125 字元)
2026-03-26 18:30:02,059 [INFO]   ↳ 下載文件: https://academic.mcu.edu.tw/wp-content/u (https://academic.mcu.edu.tw/wp-content/uploads/sites/93/2023/10/112CourseStructure-91.pdf)
2026-03-26 18:30:02,997 [INFO]     ✓ 已轉換 → tes_93_2023_10_112CourseStructure-91_pdf_46ec3a21.txt (8237 字元)
2026-03-26 18:30:03,003 [INFO]   ↳ 下載文件: https://academic.mcu.edu.tw/wp-content/u (https://academic.mcu.edu.tw/wp-content/uploads/sites/93/2025/11/114CourseStructure-91.pdf)
2026-03-26 18:30:04,236 [INFO]     ✓ 已轉換 → tes_93_2025_11_114CourseStructure-91_pdf_e60ab098.txt (84646 字元)
2026-03-26 18:30:04,237 [INFO]   ↳ 下載文件: https://academic.mcu.edu.tw/wp-content/u (https://academic.mcu.edu.tw/wp-content/uploads/sites/93/2023/10/112CourseStructure-22.pdf)
2026-03-26 18:30:05,869 [INFO]     ✓ 已轉換 → tes_93_2023_10_112CourseStructure-22_pdf_d3a13206.txt (13052 字元)
2026-03-26 18:30:05,872 [INFO]   ↳ 下載文件: https://academic.mcu.edu.tw/wp-content/u (https://academic.mcu.edu.tw/wp-content/uploads/sites/93/2025/11/114CourseStructure-64-2.pdf)
2026-03-26 18:30:06,726 [INFO]     ✓ 已轉換 → s_93_2025_11_114CourseStructure-64-2_pdf_ad813ff5.txt (6870 字元)
2026-03-26 18:30:06,727 [INFO]   ↳ 下載文件: https://academic.mcu.edu.tw/wp-content/u (https://academic.mcu.edu.tw/wp-content/uploads/sites/93/2025/11/114CourseStructure-86.pdf)
2026-03-26 18:30:07,548 [INFO]     ✓ 已轉換 → tes_93_2025_11_114CourseStructure-86_pdf_3b88bd95.txt (50881 字元)
2026-03-26 18:30:07,550 [INFO]   ↳ 下載文件: https://academic.mcu.edu.tw/wp-content/u (https://academic.mcu.edu.tw/wp-content/uploads/sites/93/2023/10/112CourseStructure-96.pdf)
2026-03-26 18:30:07,810 [INFO]     ✓ 已轉換 → tes_93_2023_10_112CourseStructure-96_pdf_eb1eb899.txt (1844 字元)
2026-03-26 18:30:07,811 [INFO]   ↳ 下載文件: https://academic.mcu.edu.tw/wp-content/u (https://academic.mcu.edu.tw/wp-content/uploads/sites/93/2025/11/114CourseStructure-96.pdf)
2026-03-26 18:30:08,104 [INFO]     ✓ 已轉換 → tes_93_2025_11_114CourseStructure-96_pdf_0ec4e5b8.txt (17433 字元)
2026-03-26 18:30:08,107 [INFO]   ↳ 下載文件: https://academic.mcu.edu.tw/wp-content/u (https://academic.mcu.edu.tw/wp-content/uploads/sites/93/2023/10/112CourseStructure-39.pdf)
2026-03-26 18:30:10,230 [INFO]     ✓ 已轉換 → tes_93_2023_10_112CourseStructure-39_pdf_6fe96d8d.txt (18465 字元)
2026-03-26 18:30:10,232 [INFO]   ↳ 下載文件: https://academic.mcu.edu.tw/wp-content/u (https://academic.mcu.edu.tw/wp-content/uploads/sites/93/2025/11/114CourseStructure-39-2.pdf)
2026-03-26 18:30:12,095 [INFO]     ✓ 已轉換 → s_93_2025_11_114CourseStructure-39-2_pdf_8e7407db.txt (17249 字元)
2026-03-26 18:30:12,100 [INFO]   ↳ 下載文件: https://academic.mcu.edu.tw/wp-content/u (https://academic.mcu.edu.tw/wp-content/uploads/sites/93/2023/10/112CourseStructure-40.pdf)
2026-03-26 18:30:13,128 [INFO]     ✓ 已轉換 → tes_93_2023_10_112CourseStructure-40_pdf_75bd172f.txt (7997 字元)
2026-03-26 18:30:13,133 [INFO]   ↳ 下載文件: https://academic.mcu.edu.tw/wp-content/u (https://academic.mcu.edu.tw/wp-content/uploads/sites/93/2025/11/114CourseStructure-40.pdf)
2026-03-26 18:30:14,057 [INFO]     ✓ 已轉換 → tes_93_2025_11_114CourseStructure-40_pdf_97ccd2dc.txt (7700 字元)
2026-03-26 18:30:14,062 [INFO]   ↳ 下載文件: https://academic.mcu.edu.tw/wp-content/u (https://academic.mcu.edu.tw/wp-content/uploads/sites/93/2023/10/112CourseStructure-67.pdf)
2026-03-26 18:30:14,689 [INFO]     ✓ 已轉換 → tes_93_2023_10_112CourseStructure-67_pdf_806d1a5a.txt (5155 字元)
2026-03-26 18:30:14,690 [INFO]   ↳ 下載文件: https://academic.mcu.edu.tw/wp-content/u (https://academic.mcu.edu.tw/wp-content/uploads/sites/93/2025/11/114CourseStructure-67.pdf)
2026-03-26 18:30:15,324 [INFO]     ✓ 已轉換 → tes_93_2025_11_114CourseStructure-67_pdf_23de3939.txt (41314 字元)
2026-03-26 18:30:15,325 [INFO]   ↳ 下載文件: https://academic.mcu.edu.tw/wp-content/u (https://academic.mcu.edu.tw/wp-content/uploads/sites/93/2023/10/112CourseStructure-38.pdf)
2026-03-26 18:30:16,536 [INFO]     ✓ 已轉換 → tes_93_2023_10_112CourseStructure-38_pdf_3b1145c9.txt (10016 字元)
2026-03-26 18:30:16,541 [INFO]   ↳ 下載文件: https://academic.mcu.edu.tw/wp-content/u (https://academic.mcu.edu.tw/wp-content/uploads/sites/93/2025/11/114CourseStructure-38.pdf)
2026-03-26 18:30:17,752 [INFO]     ✓ 已轉換 → tes_93_2025_11_114CourseStructure-38_pdf_909b6762.txt (84786 字元)
2026-03-26 18:30:17,755 [INFO]   ↳ 下載文件: https://academic.mcu.edu.tw/wp-content/u (https://academic.mcu.edu.tw/wp-content/uploads/sites/93/2023/10/112CourseStructure-42.pdf)
2026-03-26 18:30:19,296 [INFO]     ✓ 已轉換 → tes_93_2023_10_112CourseStructure-42_pdf_4cedd517.txt (11553 字元)
2026-03-26 18:30:19,299 [INFO]   ↳ 下載文件: https://academic.mcu.edu.tw/wp-content/u (https://academic.mcu.edu.tw/wp-content/uploads/sites/93/2025/11/114CourseStructure-42-2.pdf)
2026-03-26 18:30:20,578 [INFO]     ✓ 已轉換 → s_93_2025_11_114CourseStructure-42-2_pdf_45a88b5c.txt (10939 字元)
2026-03-26 18:30:20,579 [INFO]   ↳ 下載文件: https://academic.mcu.edu.tw/wp-content/u (https://academic.mcu.edu.tw/wp-content/uploads/sites/93/2023/10/112CourseStructure-44.pdf)
2026-03-26 18:30:21,971 [INFO]     ✓ 已轉換 → tes_93_2023_10_112CourseStructure-44_pdf_05e10702.txt (11854 字元)
2026-03-26 18:30:21,972 [INFO]   ↳ 下載文件: https://academic.mcu.edu.tw/wp-content/u (https://academic.mcu.edu.tw/wp-content/uploads/sites/93/2025/11/114CourseStructure-44-2.pdf)
2026-03-26 18:30:23,633 [INFO]     ✓ 已轉換 → s_93_2025_11_114CourseStructure-44-2_pdf_5f0d1cf7.txt (14270 字元)
2026-03-26 18:30:23,633 [INFO]   ↳ 下載文件: https://academic.mcu.edu.tw/wp-content/u (https://academic.mcu.edu.tw/wp-content/uploads/sites/93/2023/10/112CourseStructure-60.pdf)
2026-03-26 18:30:24,765 [INFO]     ✓ 已轉換 → tes_93_2023_10_112CourseStructure-60_pdf_fea102d4.txt (9504 字元)
2026-03-26 18:30:24,766 [INFO]   ↳ 下載文件: https://academic.mcu.edu.tw/wp-content/u (https://academic.mcu.edu.tw/wp-content/uploads/sites/93/2025/11/114CourseStructure-60-2.pdf)
2026-03-26 18:30:25,791 [INFO]     ✓ 已轉換 → s_93_2025_11_114CourseStructure-60-2_pdf_868fb9bb.txt (9140 字元)
2026-03-26 18:30:25,792 [INFO]   ↳ 下載文件: https://academic.mcu.edu.tw/wp-content/u (https://academic.mcu.edu.tw/wp-content/uploads/sites/93/2023/10/112CourseStructure-61.pdf)
2026-03-26 18:30:26,221 [INFO]     ✓ 已轉換 → tes_93_2023_10_112CourseStructure-61_pdf_a560e654.txt (3173 字元)
2026-03-26 18:30:26,223 [INFO]   ↳ 下載文件: https://academic.mcu.edu.tw/wp-content/u (https://academic.mcu.edu.tw/wp-content/uploads/sites/93/2025/11/114CourseStructure-61.pdf)
2026-03-26 18:30:26,692 [INFO]     ✓ 已轉換 → tes_93_2025_11_114CourseStructure-61_pdf_4e143f19.txt (30634 字元)
2026-03-26 18:30:26,694 [INFO]   ↳ 下載文件: https://academic.mcu.edu.tw/wp-content/u (https://academic.mcu.edu.tw/wp-content/uploads/sites/93/2023/10/112CourseStructure-62.pdf)
2026-03-26 18:30:27,164 [INFO]     ✓ 已轉換 → tes_93_2023_10_112CourseStructure-62_pdf_01fb833b.txt (3184 字元)
2026-03-26 18:30:27,168 [INFO]   ↳ 下載文件: https://academic.mcu.edu.tw/wp-content/u (https://academic.mcu.edu.tw/wp-content/uploads/sites/93/2025/11/114CourseStructure-62.pdf)
2026-03-26 18:30:27,616 [INFO]     ✓ 已轉換 → tes_93_2025_11_114CourseStructure-62_pdf_060cfc50.txt (30061 字元)
2026-03-26 18:30:27,617 [INFO]   ↳ 下載文件: https://academic.mcu.edu.tw/wp-content/u (https://academic.mcu.edu.tw/wp-content/uploads/sites/93/2023/10/112CourseStructure-68.pdf)
